s6-rc: info: service s6rc-oneshot-runner: starting
s6-rc: info: service s6rc-oneshot-runner successfully started
s6-rc: info: service fix-attrs: starting
s6-rc: info: service fix-attrs successfully started
s6-rc: info: service legacy-cont-init: starting
s6-rc: info: service legacy-cont-init successfully started
s6-rc: info: service legacy-services: starting
services-up: info: copying legacy longrun home-assistant (no readiness notification)
s6-rc: info: service legacy-services successfully started
2026-04-22 18:44:01.441 WARNING (SyncWorker_0) [homeassistant.loader] We found a custom integration battery_charge_calculator which has not been tested by Home Assistant. This component might cause stability problems, be sure to disable it if you experience issues with Home Assistant
2026-04-22 18:44:01.442 WARNING (SyncWorker_0) [homeassistant.loader] We found a custom integration octopus_energy which has not been tested by Home Assistant. This component might cause stability problems, be sure to disable it if you experience issues with Home Assistant
2026-04-22 18:44:01.443 WARNING (SyncWorker_0) [homeassistant.loader] We found a custom integration hacs which has not been tested by Home Assistant. This component might cause stability problems, be sure to disable it if you experience issues with Home Assistant
2026-04-22 18:44:01.443 WARNING (SyncWorker_0) [homeassistant.loader] We found a custom integration localtuya which has not been tested by Home Assistant. This component might cause stability problems, be sure to disable it if you experience issues with Home Assistant
2026-04-22 18:44:01.444 WARNING (SyncWorker_0) [homeassistant.loader] We found a custom integration uk_bin_collection which has not been tested by Home Assistant. This component might cause stability problems, be sure to disable it if you experience issues with Home Assistant
2026-04-22 18:44:01.445 WARNING (SyncWorker_0) [homeassistant.loader] We found a custom integration tesla_custom which has not been tested by Home Assistant. This component might cause stability problems, be sure to disable it if you experience issues with Home Assistant
2026-04-22 18:44:01.446 WARNING (SyncWorker_0) [homeassistant.loader] We found a custom integration solcast_solar which has not been tested by Home Assistant. This component might cause stability problems, be sure to disable it if you experience issues with Home Assistant
2026-04-22 18:44:08.021 WARNING (MainThread) [custom_components.localtuya.core.cloud_api] [eu1...18P] Cloud API connection failed: Error 28841002: No permissions. Your subscription to cloud development plan has expired.
2026-04-22 18:44:11.707 WARNING (MainThread) [custom_components.battery_charge_calculator.tariff_comparison] Skipping tariff E-1R-OE-FIX-12M-26-04-21-B — no rate data
2026-04-22 18:44:13.575 WARNING (MainThread) [aioesphomeapi.reconnect_logic] Can't connect to ESPHome API for esp-kitchen-a06d4c @ 192.168.32.208: Error connecting to [AddrInfo(family=<AddressFamily.AF_INET: 2>, type=<SocketKind.SOCK_STREAM: 1>, proto=6, sockaddr=IPv4Sockaddr(address='192.168.32.208', port=6053))]: [Errno 113] Connect call failed ('192.168.32.208', 6053) (SocketAPIError)
2026-04-22 18:44:13.598 WARNING (MainThread) [custom_components.battery_charge_calculator.coordinators] SOC not yet available from MQTT — skipping planning cycle
2026-04-22 18:44:14.555 WARNING (MainThread) [custom_components.battery_charge_calculator.tariff_comparison] Solar history fetch failed for sensor.givtcp_ed2253g215_pv_energy_total_kwh — running simulation without solar: 'dict' object has no attribute 'sum'
2026-04-22 18:44:14.557 WARNING (MainThread) [custom_components.battery_charge_calculator.tariff_comparison] Solar history fetch failed for sensor.givtcp_ed2253g215_pv_energy_total_kwh — running simulation without solar: 'dict' object has no attribute 'sum'
2026-04-22 18:44:14.567 WARNING (SyncWorker_1) [custom_components.battery_charge_calculator.tariff_comparison.simulator] Incomplete rate data for 2026-03-21: map has 0/48 slots, midnight lookup=MISSING (nonzero import=0, export=48). Rates for this day may be incomplete.
2026-04-22 18:44:14.623 WARNING (SyncWorker_1) [custom_components.battery_charge_calculator.genetic_evaluator] Too many hash conflicts when creating population; this can occur when the number of unique schedules is less than the population size. Proceeding with current population of 400 schedules.
2026-04-22 18:44:14.635 WARNING (SyncWorker_1) [custom_components.battery_charge_calculator.tariff_comparison.simulator] GeneticEvaluator returned no timeslots for 2026-03-21 — import_rate_map has 0 entries, nonzero=0; check timezone alignment between rate map keys and slot_dt
2026-04-22 18:44:14.637 WARNING (SyncWorker_2) [custom_components.battery_charge_calculator.tariff_comparison.simulator] Incomplete rate data for 2026-03-22: map has 0/48 slots, midnight lookup=MISSING (nonzero import=0, export=48). Rates for this day may be incomplete.
2026-04-22 18:44:14.671 WARNING (SyncWorker_2) [custom_components.battery_charge_calculator.genetic_evaluator] Too many hash conflicts when creating population; this can occur when the number of unique schedules is less than the population size. Proceeding with current population of 400 schedules.
2026-04-22 18:44:14.672 WARNING (SyncWorker_2) [custom_components.battery_charge_calculator.tariff_comparison.simulator] GeneticEvaluator returned no timeslots for 2026-03-22 — import_rate_map has 0 entries, nonzero=0; check timezone alignment between rate map keys and slot_dt
2026-04-22 18:44:14.679 WARNING (SyncWorker_6) [custom_components.battery_charge_calculator.tariff_comparison.simulator] Incomplete rate data for 2026-03-23: map has 0/48 slots, midnight lookup=MISSING (nonzero import=0, export=48). Rates for this day may be incomplete.
2026-04-22 18:44:14.703 WARNING (SyncWorker_6) [custom_components.battery_charge_calculator.genetic_evaluator] Too many hash conflicts when creating population; this can occur when the number of unique schedules is less than the population size. Proceeding with current population of 400 schedules.
2026-04-22 18:44:14.704 WARNING (SyncWorker_6) [custom_components.battery_charge_calculator.tariff_comparison.simulator] GeneticEvaluator returned no timeslots for 2026-03-23 — import_rate_map has 0 entries, nonzero=0; check timezone alignment between rate map keys and slot_dt
2026-04-22 18:44:14.721 WARNING (SyncWorker_3) [custom_components.battery_charge_calculator.tariff_comparison.simulator] Incomplete rate data for 2026-03-24: map has 0/48 slots, midnight lookup=MISSING (nonzero import=0, export=48). Rates for this day may be incomplete.
2026-04-22 18:44:14.754 WARNING (SyncWorker_3) [custom_components.battery_charge_calculator.genetic_evaluator] Too many hash conflicts when creating population; this can occur when the number of unique schedules is less than the population size. Proceeding with current population of 400 schedules.
2026-04-22 18:44:14.755 WARNING (SyncWorker_3) [custom_components.battery_charge_calculator.tariff_comparison.simulator] GeneticEvaluator returned no timeslots for 2026-03-24 — import_rate_map has 0 entries, nonzero=0; check timezone alignment between rate map keys and slot_dt
2026-04-22 18:44:14.772 WARNING (SyncWorker_5) [custom_components.battery_charge_calculator.tariff_comparison.simulator] Incomplete rate data for 2026-03-25: map has 0/48 slots, midnight lookup=MISSING (nonzero import=0, export=48). Rates for this day may be incomplete.
2026-04-22 18:44:14.805 WARNING (SyncWorker_5) [custom_components.battery_charge_calculator.genetic_evaluator] Too many hash conflicts when creating population; this can occur when the number of unique schedules is less than the population size. Proceeding with current population of 400 schedules.
2026-04-22 18:44:14.805 WARNING (SyncWorker_5) [custom_components.battery_charge_calculator.tariff_comparison.simulator] GeneticEvaluator returned no timeslots for 2026-03-25 — import_rate_map has 0 entries, nonzero=0; check timezone alignment between rate map keys and slot_dt
2026-04-22 18:44:14.817 WARNING (SyncWorker_0) [custom_components.battery_charge_calculator.tariff_comparison.simulator] Incomplete rate data for 2026-03-26: map has 0/48 slots, midnight lookup=MISSING (nonzero import=0, export=48). Rates for this day may be incomplete.
2026-04-22 18:44:14.847 WARNING (SyncWorker_0) [custom_components.battery_charge_calculator.genetic_evaluator] Too many hash conflicts when creating population; this can occur when the number of unique schedules is less than the population size. Proceeding with current population of 400 schedules.
2026-04-22 18:44:14.847 WARNING (SyncWorker_0) [custom_components.battery_charge_calculator.tariff_comparison.simulator] GeneticEvaluator returned no timeslots for 2026-03-26 — import_rate_map has 0 entries, nonzero=0; check timezone alignment between rate map keys and slot_dt
2026-04-22 18:44:14.860 WARNING (SyncWorker_1) [custom_components.battery_charge_calculator.tariff_comparison.simulator] Incomplete rate data for 2026-03-27: map has 0/48 slots, midnight lookup=MISSING (nonzero import=0, export=48). Rates for this day may be incomplete.
2026-04-22 18:44:14.887 WARNING (SyncWorker_1) [custom_components.battery_charge_calculator.genetic_evaluator] Too many hash conflicts when creating population; this can occur when the number of unique schedules is less than the population size. Proceeding with current population of 400 schedules.
2026-04-22 18:44:14.887 WARNING (SyncWorker_1) [custom_components.battery_charge_calculator.tariff_comparison.simulator] GeneticEvaluator returned no timeslots for 2026-03-27 — import_rate_map has 0 entries, nonzero=0; check timezone alignment between rate map keys and slot_dt
2026-04-22 18:44:14.893 WARNING (SyncWorker_2) [custom_components.battery_charge_calculator.tariff_comparison.simulator] Incomplete rate data for 2026-03-28: map has 0/48 slots, midnight lookup=MISSING (nonzero import=0, export=48). Rates for this day may be incomplete.
2026-04-22 18:44:14.913 WARNING (SyncWorker_2) [custom_components.battery_charge_calculator.genetic_evaluator] Too many hash conflicts when creating population; this can occur when the number of unique schedules is less than the population size. Proceeding with current population of 400 schedules.
2026-04-22 18:44:14.913 WARNING (SyncWorker_2) [custom_components.battery_charge_calculator.tariff_comparison.simulator] GeneticEvaluator returned no timeslots for 2026-03-28 — import_rate_map has 0 entries, nonzero=0; check timezone alignment between rate map keys and slot_dt
2026-04-22 18:44:14.914 WARNING (SyncWorker_6) [custom_components.battery_charge_calculator.tariff_comparison.simulator] Incomplete rate data for 2026-03-29: map has 0/48 slots, midnight lookup=MISSING (nonzero import=0, export=48). Rates for this day may be incomplete.
2026-04-22 18:44:14.951 WARNING (SyncWorker_6) [custom_components.battery_charge_calculator.genetic_evaluator] Too many hash conflicts when creating population; this can occur when the number of unique schedules is less than the population size. Proceeding with current population of 400 schedules.
2026-04-22 18:44:14.952 WARNING (SyncWorker_6) [custom_components.battery_charge_calculator.tariff_comparison.simulator] GeneticEvaluator returned no timeslots for 2026-03-29 — import_rate_map has 0 entries, nonzero=0; check timezone alignment between rate map keys and slot_dt
2026-04-22 18:44:15.009 WARNING (SyncWorker_3) [custom_components.battery_charge_calculator.tariff_comparison.simulator] Incomplete rate data for 2026-03-30: map has 0/48 slots, midnight lookup=MISSING (nonzero import=0, export=48). Rates for this day may be incomplete.
2026-04-22 18:44:15.043 WARNING (SyncWorker_3) [custom_components.battery_charge_calculator.genetic_evaluator] Too many hash conflicts when creating population; this can occur when the number of unique schedules is less than the population size. Proceeding with current population of 400 schedules.
2026-04-22 18:44:15.043 WARNING (SyncWorker_3) [custom_components.battery_charge_calculator.tariff_comparison.simulator] GeneticEvaluator returned no timeslots for 2026-03-30 — import_rate_map has 0 entries, nonzero=0; check timezone alignment between rate map keys and slot_dt
2026-04-22 18:44:15.051 WARNING (SyncWorker_5) [custom_components.battery_charge_calculator.tariff_comparison.simulator] Incomplete rate data for 2026-03-31: map has 0/48 slots, midnight lookup=MISSING (nonzero import=0, export=48). Rates for this day may be incomplete.
2026-04-22 18:44:15.068 WARNING (SyncWorker_5) [custom_components.battery_charge_calculator.genetic_evaluator] Too many hash conflicts when creating population; this can occur when the number of unique schedules is less than the population size. Proceeding with current population of 400 schedules.
2026-04-22 18:44:15.068 WARNING (SyncWorker_5) [custom_components.battery_charge_calculator.tariff_comparison.simulator] GeneticEvaluator returned no timeslots for 2026-03-31 — import_rate_map has 0 entries, nonzero=0; check timezone alignment between rate map keys and slot_dt
2026-04-22 18:48:40.238 WARNING (MainThread) [homeassistant.components.media_player] Updating dlna_dmr media_player took longer than the scheduled update interval 0:00:10
2026-04-22 18:48:40.238 WARNING (MainThread) [homeassistant.helpers.entity] Update of media_player.kitchen is taking over 10 seconds
2026-04-22 18:49:10.241 WARNING (MainThread) [homeassistant.components.media_player] Updating dlna_dmr media_player took longer than the scheduled update interval 0:00:10
2026-04-22 18:49:10.241 WARNING (MainThread) [homeassistant.helpers.entity] Update of media_player.living_room_tv is taking over 10 seconds
2026-04-22 18:50:10.387 WARNING (Recorder) [homeassistant.components.sensor.recorder] Entity sensor.givtcp_ed2253g215_self_consumption_energy_today_kwh from integration mqtt has state class total_increasing, but its state is not strictly increasing. Triggered by state 14.1 (previous state: 14.2) with last_updated set to 2026-04-22T17:48:40.312515+00:00. Please create a bug report at https://github.com/home-assistant/core/issues?q=is%3Aopen+is%3Aissue+label%3A%22integration%3A+mqtt%22
2026-04-22 18:50:10.387 WARNING (Recorder) [homeassistant.components.sensor.recorder] Entity sensor.givtcp_ed2253g215_load_energy_today_kwh from integration mqtt has state class total_increasing, but its state is not strictly increasing. Triggered by state 15.1 (previous state: 15.2) with last_updated set to 2026-04-22T17:48:40.313279+00:00. Please create a bug report at https://github.com/home-assistant/core/issues?q=is%3Aopen+is%3Aissue+label%3A%22integration%3A+mqtt%22
2026-04-22 18:50:10.388 WARNING (Recorder) [homeassistant.components.sensor.recorder] Entity sensor.givtcp_ed2253g215_load_energy_total_kwh from integration mqtt has state class total_increasing, but its state is not strictly increasing. Triggered by state 30211.3 (previous state: 30211.4) with last_updated set to 2026-04-22T17:48:40.314437+00:00. Please create a bug report at https://github.com/home-assistant/core/issues?q=is%3Aopen+is%3Aissue+label%3A%22integration%3A+mqtt%22
2026-04-22 18:50:10.388 WARNING (Recorder) [homeassistant.components.sensor.recorder] Entity sensor.givtcp_ed2253g215_self_consumption_energy_total_kwh from integration mqtt has state class total_increasing, but its state is not strictly increasing. Triggered by state 9206.9 (previous state: 9207.0) with last_updated set to 2026-04-22T17:48:40.314617+00:00. Please create a bug report at https://github.com/home-assistant/core/issues?q=is%3Aopen+is%3Aissue+label%3A%22integration%3A+mqtt%22
2026-04-22 18:51:42.507 WARNING (MainThread) [homeassistant.components.media_player] Updating dlna_dmr media_player took longer than the scheduled update interval 0:00:10
2026-04-22 18:51:42.507 WARNING (MainThread) [homeassistant.helpers.entity] Update of media_player.kitchen is taking over 10 seconds
2026-04-22 18:53:02.517 WARNING (MainThread) [homeassistant.components.media_player] Updating dlna_dmr media_player took longer than the scheduled update interval 0:00:10
2026-04-22 18:53:02.517 WARNING (MainThread) [homeassistant.helpers.entity] Update of media_player.living_room_tv is taking over 10 seconds
2026-04-22 18:53:12.517 WARNING (MainThread) [homeassistant.components.media_player] Updating dlna_dmr media_player took longer than the scheduled update interval 0:00:10
2026-04-22 18:53:22.518 WARNING (MainThread) [homeassistant.components.media_player] Updating dlna_dmr media_player took longer than the scheduled update interval 0:00:10
2026-04-22 18:53:22.519 WARNING (MainThread) [homeassistant.components.media_player] Updating dlna_dmr media_player took longer than the scheduled update interval 0:00:10
2026-04-22 18:53:22.520 WARNING (MainThread) [homeassistant.helpers.entity] Update of media_player.kitchen_tv_2 is taking over 10 seconds
2026-04-22 18:53:26.683 ERROR (Thread-14) [pychromecast.socket_client] [BRAVIA 4K GB(192.168.32.202):8009] Failed to connect to service MDNSServiceInfo(name='BRAVIA-4K-GB-6f556fe4c3fa8718806e7e32fefaab63._googlecast._tcp.local.'), retrying in 5.0s
2026-04-22 18:53:42.521 WARNING (MainThread) [homeassistant.components.media_player] Updating dlna_dmr media_player took longer than the scheduled update interval 0:00:10
2026-04-22 18:53:42.521 WARNING (MainThread) [homeassistant.helpers.entity] Update of media_player.living_room_tv is taking over 10 seconds
2026-04-22 18:53:42.521 WARNING (MainThread) [homeassistant.components.media_player] Updating dlna_dmr media_player took longer than the scheduled update interval 0:00:10
2026-04-22 18:53:42.521 WARNING (MainThread) [homeassistant.helpers.entity] Update of media_player.kitchen_tv_2 is taking over 10 seconds
2026-04-22 18:54:02.524 WARNING (MainThread) [homeassistant.components.media_player] Updating dlna_dmr media_player took longer than the scheduled update interval 0:00:10
2026-04-22 18:54:02.524 WARNING (MainThread) [homeassistant.helpers.entity] Update of media_player.living_room_tv is taking over 10 seconds
2026-04-22 18:54:02.525 WARNING (MainThread) [homeassistant.components.media_player] Updating dlna_dmr media_player took longer than the scheduled update interval 0:00:10
2026-04-22 18:54:02.525 WARNING (MainThread) [homeassistant.helpers.entity] Update of media_player.kitchen_tv_2 is taking over 10 seconds
